<?xml version="1.0" encoding="UTF-8"?>
<!-- Generated by org.testng.reporters.JUnitReportReporter -->
<testsuite hostname="AAKRITICOMPUTER" failures="0" tests="2" name="assignment.GermanyisCalling" time="46.322" errors="0" timestamp="2024-08-22T22:10:30 IST" skipped="0">
  <testcase classname="assignment.GermanyisCalling" name="Test1" time="30.178"/>
  <testcase classname="assignment.GermanyisCalling" name="Test2" time="16.144"/>
</testsuite> <!-- assignment.GermanyisCalling -->
