<?xml version="1.0" encoding="UTF-8"?>
<!-- Generated by org.testng.reporters.JUnitReportReporter -->
<testsuite hostname="AAKRITICOMPUTER" failures="0" tests="1" name="assignment.GermanyisCalling" time="48.224" errors="0" timestamp="2024-08-22T22:42:03 IST" skipped="0">
  <testcase classname="assignment.GermanyisCalling" name="Test1" time="48.224"/>
</testsuite> <!-- assignment.GermanyisCalling -->
